<?xml version="1.0" encoding="UTF-8"?>
<testng-results ignored="0" total="3" passed="3" failed="0" skipped="0">
  <reporter-output>
  </reporter-output>
  <suite started-at="2024-05-02T15:20:20 IST" name="Surefire suite" finished-at="2024-05-02T15:21:09 IST" duration-ms="48801">
    <groups>
    </groups>
    <test started-at="2024-05-02T15:20:20 IST" name="Surefire test" finished-at="2024-05-02T15:21:09 IST" duration-ms="48801">
      <class name="com.example.AppTest">
        <test-method is-config="true" signature="setup()[pri:0, instance:com.example.AppTest@419c5f1a]" started-at="2024-05-02T15:20:20 IST" name="setup" finished-at="2024-05-02T15:20:22 IST" duration-ms="1900" status="PASS">
          <reporter-output>
          </reporter-output>
        </test-method> <!-- setup -->
        <test-method is-config="true" signature="navigate()[pri:0, instance:com.example.AppTest@419c5f1a]" started-at="2024-05-02T15:20:22 IST" name="navigate" finished-at="2024-05-02T15:20:28 IST" duration-ms="5507" status="PASS">
          <reporter-output>
          </reporter-output>
        </test-method> <!-- navigate -->
        <test-method signature="testCase1()[pri:0, instance:com.example.AppTest@419c5f1a]" started-at="2024-05-02T15:20:28 IST" name="testCase1" finished-at="2024-05-02T15:20:33 IST" duration-ms="5262" status="PASS">
          <reporter-output>
          </reporter-output>
        </test-method> <!-- testCase1 -->
        <test-method is-config="true" signature="navigate()[pri:0, instance:com.example.AppTest@419c5f1a]" started-at="2024-05-02T15:20:33 IST" name="navigate" finished-at="2024-05-02T15:20:34 IST" duration-ms="1040" status="PASS">
          <reporter-output>
          </reporter-output>
        </test-method> <!-- navigate -->
        <test-method signature="testCase2()[pri:1, instance:com.example.AppTest@419c5f1a]" started-at="2024-05-02T15:20:34 IST" name="testCase2" finished-at="2024-05-02T15:20:53 IST" duration-ms="19273" status="PASS">
          <reporter-output>
          </reporter-output>
        </test-method> <!-- testCase2 -->
        <test-method is-config="true" signature="navigate()[pri:0, instance:com.example.AppTest@419c5f1a]" started-at="2024-05-02T15:20:53 IST" name="navigate" finished-at="2024-05-02T15:20:55 IST" duration-ms="1693" status="PASS">
          <reporter-output>
          </reporter-output>
        </test-method> <!-- navigate -->
        <test-method signature="testCase3()[pri:2, instance:com.example.AppTest@419c5f1a]" started-at="2024-05-02T15:20:55 IST" name="testCase3" finished-at="2024-05-02T15:21:09 IST" duration-ms="13683" status="PASS">
          <reporter-output>
          </reporter-output>
        </test-method> <!-- testCase3 -->
        <test-method is-config="true" signature="quit()[pri:0, instance:com.example.AppTest@419c5f1a]" started-at="2024-05-02T15:21:09 IST" name="quit" finished-at="2024-05-02T15:21:09 IST" duration-ms="414" status="PASS">
          <reporter-output>
          </reporter-output>
        </test-method> <!-- quit -->
      </class> <!-- com.example.AppTest -->
    </test> <!-- Surefire test -->
  </suite> <!-- Surefire suite -->
</testng-results>
