<?xml version="1.0" encoding="UTF-8"?>
<!-- Generated by org.testng.reporters.JUnitXMLReporter -->
<testsuite ignored="0" hostname="LAPTOP-BRIVNB7M" failures="0" tests="3" name="Surefire test" time="48.801" errors="0" timestamp="2024-05-02T15:21:09 IST">
  <testcase classname="com.example.AppTest" name="testCase1" time="5.262"/>
  <testcase classname="com.example.AppTest" name="testCase2" time="19.273"/>
  <testcase classname="com.example.AppTest" name="testCase3" time="13.683"/>
</testsuite> <!-- Surefire test -->
